  Cloud.cpp
d:\githubcode\zju-cg\pro\migong\migong\migong\cloud.cpp(1): warning C4005: “_CRT_SECURE_NO_WARNINGS”: 宏重定义
  d:\githubcode\zju-cg\pro\migong\migong\migong\cloud.cpp: note: 参见“_CRT_SECURE_NO_WARNINGS”的前一个定义
d:\githubcode\zju-cg\pro\migong\migong\migong\cloud.cpp(61): warning C4305: “初始化”: 从“double”到“float”截断
d:\githubcode\zju-cg\pro\migong\migong\migong\cloud.cpp(62): warning C4305: “初始化”: 从“double”到“float”截断
d:\githubcode\zju-cg\pro\migong\migong\migong\cloud.cpp(64): warning C4101: “y”: 未引用的局部变量
  main.cpp
d:\githubcode\zju-cg\pro\migong\migong\migong\main.cpp(62): warning C4305: “+=”: 从“double”到“float”截断
d:\githubcode\zju-cg\pro\migong\migong\migong\main.cpp(76): warning C4305: “+=”: 从“double”到“float”截断
d:\githubcode\zju-cg\pro\migong\migong\migong\main.cpp(89): warning C4244: “参数”: 从“int”转换到“GLfloat”，可能丢失数据
d:\githubcode\zju-cg\pro\migong\migong\migong\main.cpp(115): warning C4244: “参数”: 从“int”转换到“GLfloat”，可能丢失数据
d:\githubcode\zju-cg\pro\migong\migong\migong\main.cpp(174): warning C4244: “参数”: 从“double”转换到“GLfloat”，可能丢失数据
d:\githubcode\zju-cg\pro\migong\migong\migong\main.cpp(225): warning C4244: “初始化”: 从“double”转换到“int”，可能丢失数据
d:\githubcode\zju-cg\pro\migong\migong\migong\main.cpp(226): warning C4244: “初始化”: 从“double”转换到“int”，可能丢失数据
d:\githubcode\zju-cg\pro\migong\migong\migong\main.cpp(256): warning C4244: “参数”: 从“double”转换到“GLfloat”，可能丢失数据
d:\githubcode\zju-cg\pro\migong\migong\migong\main.cpp(265): warning C4305: “初始化”: 从“double”到“float”截断
d:\githubcode\zju-cg\pro\migong\migong\migong\main.cpp(396): warning C4838: 从“double”转换到“GLfloat”需要收缩转换
d:\githubcode\zju-cg\pro\migong\migong\migong\main.cpp(396): warning C4244: “初始化”: 从“double”转换到“GLfloat”，可能丢失数据
d:\githubcode\zju-cg\pro\migong\migong\migong\main.cpp(398): warning C4838: 从“int”转换到“GLfloat”需要收缩转换
d:\githubcode\zju-cg\pro\migong\migong\migong\main.cpp(398): warning C4244: “初始化”: 从“int”转换到“GLfloat”，可能丢失数据
d:\githubcode\zju-cg\pro\migong\migong\migong\main.cpp(400): warning C4838: 从“int”转换到“GLfloat”需要收缩转换
d:\githubcode\zju-cg\pro\migong\migong\migong\main.cpp(400): warning C4244: “初始化”: 从“int”转换到“GLfloat”，可能丢失数据
d:\githubcode\zju-cg\pro\migong\migong\migong\main.cpp(400): warning C4838: 从“double”转换到“GLfloat”需要收缩转换
d:\githubcode\zju-cg\pro\migong\migong\migong\main.cpp(400): warning C4244: “初始化”: 从“double”转换到“GLfloat”，可能丢失数据
d:\githubcode\zju-cg\pro\migong\migong\migong\main.cpp(402): warning C4838: 从“double”转换到“GLfloat”需要收缩转换
d:\githubcode\zju-cg\pro\migong\migong\migong\main.cpp(402): warning C4244: “初始化”: 从“double”转换到“GLfloat”，可能丢失数据
d:\githubcode\zju-cg\pro\migong\migong\migong\main.cpp(439): warning C4305: “+=”: 从“double”到“GLfloat”截断
d:\githubcode\zju-cg\pro\migong\migong\migong\main.cpp(513): warning C4305: “参数”: 从“double”到“GLfloat”截断
d:\githubcode\zju-cg\pro\migong\migong\migong\main.cpp(514): warning C4305: “参数”: 从“double”到“GLfloat”截断
d:\githubcode\zju-cg\pro\migong\migong\migong\main.cpp(522): warning C4244: “参数”: 从“int”转换到“GLfloat”，可能丢失数据
d:\githubcode\zju-cg\pro\migong\migong\migong\main.cpp(536): warning C4244: “参数”: 从“int”转换到“GLfloat”，可能丢失数据
d:\githubcode\zju-cg\pro\migong\migong\migong\main.cpp(541): warning C4305: “参数”: 从“double”到“GLfloat”截断
d:\githubcode\zju-cg\pro\migong\migong\migong\main.cpp(542): warning C4305: “参数”: 从“double”到“GLfloat”截断
d:\githubcode\zju-cg\pro\migong\migong\migong\main.cpp(543): warning C4305: “参数”: 从“double”到“GLfloat”截断
d:\githubcode\zju-cg\pro\migong\migong\migong\main.cpp(548): warning C4305: “参数”: 从“double”到“GLfloat”截断
d:\githubcode\zju-cg\pro\migong\migong\migong\main.cpp(549): warning C4305: “参数”: 从“double”到“GLfloat”截断
d:\githubcode\zju-cg\pro\migong\migong\migong\main.cpp(550): warning C4305: “参数”: 从“double”到“GLfloat”截断
d:\githubcode\zju-cg\pro\migong\migong\migong\main.cpp(555): warning C4305: “参数”: 从“double”到“GLfloat”截断
d:\githubcode\zju-cg\pro\migong\migong\migong\main.cpp(556): warning C4305: “参数”: 从“double”到“GLfloat”截断
d:\githubcode\zju-cg\pro\migong\migong\migong\main.cpp(557): warning C4305: “参数”: 从“double”到“GLfloat”截断
d:\githubcode\zju-cg\pro\migong\migong\migong\main.cpp(562): warning C4305: “参数”: 从“double”到“GLfloat”截断
d:\githubcode\zju-cg\pro\migong\migong\migong\main.cpp(563): warning C4305: “参数”: 从“double”到“GLfloat”截断
d:\githubcode\zju-cg\pro\migong\migong\migong\main.cpp(564): warning C4305: “参数”: 从“double”到“GLfloat”截断
d:\githubcode\zju-cg\pro\migong\migong\migong\main.cpp(681): warning C4305: “参数”: 从“double”到“GLclampf”截断
  正在生成代码...
  MiGong.vcxproj -> D:\GithubCode\zju-cg\Pro\MiGong\MiGong\Debug\MiGong.exe
