d:\githubcode\zju-cg\migong\migong\migong\debug\vc141.pdb
d:\githubcode\zju-cg\migong\migong\migong\debug\vc141.idb
d:\githubcode\zju-cg\migong\migong\migong\debug\screenshot.obj
d:\githubcode\zju-cg\migong\migong\migong\debug\main.obj
d:\githubcode\zju-cg\migong\migong\migong\debug\hero.obj
d:\githubcode\zju-cg\migong\migong\migong\debug\door.obj
d:\githubcode\zju-cg\migong\migong\migong\debug\cloud.obj
d:\githubcode\zju-cg\migong\migong\migong\debug\glm.obj
c:\users\apple\desktop\migong (1)\migong\migong\debug\migong.ilk
c:\users\apple\desktop\migong (1)\migong\migong\debug\migong.exe
c:\users\apple\desktop\migong (1)\migong\migong\debug\migong.pdb
d:\高明合\cg\final\3170105811_高明合组\migong\migong\debug\migong.exe
d:\高明合\cg\final\3170105811_高明合组\migong\migong\debug\migong.ilk
d:\高明合\cg\final\3170105811_高明合组\migong\migong\debug\migong.pdb
e:\高明合20190806\cg\final\3170105811_高明合组\migong\migong\debug\migong.exe
e:\高明合20190806\cg\final\3170105811_高明合组\migong\migong\debug\migong.ilk
e:\高明合20190806\cg\final\3170105811_高明合组\migong\migong\debug\migong.pdb
d:\githubcode\zju-cg\migong\migong\debug\migong.ilk
d:\githubcode\zju-cg\migong\migong\debug\migong.exe
d:\githubcode\zju-cg\migong\migong\debug\migong.pdb
d:\githubcode\zju-cg\migong\migong\migong\debug\migong.tlog\cl.command.1.tlog
d:\githubcode\zju-cg\migong\migong\migong\debug\migong.tlog\cl.read.1.tlog
d:\githubcode\zju-cg\migong\migong\migong\debug\migong.tlog\cl.write.1.tlog
d:\githubcode\zju-cg\migong\migong\migong\debug\migong.tlog\link.28980-cvtres.read.1.tlog
d:\githubcode\zju-cg\migong\migong\migong\debug\migong.tlog\link.28980-cvtres.write.1.tlog
d:\githubcode\zju-cg\migong\migong\migong\debug\migong.tlog\link.28980-rc.read.1.tlog
d:\githubcode\zju-cg\migong\migong\migong\debug\migong.tlog\link.28980-rc.write.1.tlog
d:\githubcode\zju-cg\migong\migong\migong\debug\migong.tlog\link.28980.read.1.tlog
d:\githubcode\zju-cg\migong\migong\migong\debug\migong.tlog\link.28980.write.1.tlog
d:\githubcode\zju-cg\migong\migong\migong\debug\migong.tlog\link.command.1.tlog
d:\githubcode\zju-cg\migong\migong\migong\debug\migong.tlog\link.read.1.tlog
d:\githubcode\zju-cg\migong\migong\migong\debug\migong.tlog\link.write.1.tlog
